[debug] [2023-08-29T00:36:09.851Z] ----------------------------------------------------------------------
[debug] [2023-08-29T00:36:09.853Z] Command:       /usr/local/bin/firebase /root/.cache/firebase/tools/lib/node_modules/firebase-tools/lib/bin/firebase init
[debug] [2023-08-29T00:36:09.853Z] CLI Version:   12.4.0
[debug] [2023-08-29T00:36:09.853Z] Platform:      linux
[debug] [2023-08-29T00:36:09.853Z] Node Version:  v16.16.0
[debug] [2023-08-29T00:36:09.854Z] Time:          Tue Aug 29 2023 02:36:09 GMT+0200 (Central European Summer Time)
[debug] [2023-08-29T00:36:09.854Z] ----------------------------------------------------------------------
[debug] 
[debug] [2023-08-29T00:36:09.859Z] > command requires scopes: ["email","openid","https://www.googleapis.com/auth/cloudplatformprojects.readonly","https://www.googleapis.com/auth/firebase","https://www.googleapis.com/auth/cloud-platform"]
[debug] [2023-08-29T00:36:09.860Z] > authorizing via signed-in user (matviyivan814@gmail.com)
[info] 
     ######## #### ########  ######## ########     ###     ######  ########
     ##        ##  ##     ## ##       ##     ##  ##   ##  ##       ##
     ######    ##  ########  ######   ########  #########  ######  ######
     ##        ##  ##    ##  ##       ##     ## ##     ##       ## ##
     ##       #### ##     ## ######## ########  ##     ##  ######  ########

You're about to initialize a Firebase project in this directory:

  /work/MonkeySwap/Frontend

Before we get started, keep in mind:

  * You are currently outside your home directory

[info] 
=== Project Setup
[info] 
[info] First, let's associate this project directory with a Firebase project.
[info] You can create multiple project aliases by running firebase use --add, 
[info] but for now we'll just set up a default project.
[info] 
[debug] [2023-08-29T00:36:16.339Z] >>> [apiv2][query] GET https://firebase.googleapis.com/v1beta1/projects pageSize=100
[debug] [2023-08-29T00:36:16.826Z] <<< [apiv2][status] GET https://firebase.googleapis.com/v1beta1/projects 200
[debug] [2023-08-29T00:36:16.826Z] <<< [apiv2][body] GET https://firebase.googleapis.com/v1beta1/projects [omitted]
[info] i  Using project monkeyswap-57c8a (monkeyswap) 
[info] 
=== Hosting Setup
[info] 
[info] Your public directory is the folder (relative to your project directory) that
[info] will contain Hosting assets to be uploaded with firebase deploy. If you
[info] have a build process for your assets, use your build's output directory.
[info] 
